c:\users\lenovo\documents\+++studia+++\informatyka\iii semestr\języki programowania obiektowego\laboratoria\zadania otwarte\cpp\wirtualny_swiat\release\vc142.pdb
c:\users\lenovo\documents\+++studia+++\informatyka\iii semestr\języki programowania obiektowego\laboratoria\zadania otwarte\cpp\wirtualny_swiat\release\main.obj
c:\users\lenovo\documents\+++studia+++\informatyka\iii semestr\języki programowania obiektowego\laboratoria\zadania otwarte\cpp\wirtualny_swiat\release\zmija.obj
c:\users\lenovo\documents\+++studia+++\informatyka\iii semestr\języki programowania obiektowego\laboratoria\zadania otwarte\cpp\wirtualny_swiat\release\wilk.obj
c:\users\lenovo\documents\+++studia+++\informatyka\iii semestr\języki programowania obiektowego\laboratoria\zadania otwarte\cpp\wirtualny_swiat\release\swiat.obj
c:\users\lenovo\documents\+++studia+++\informatyka\iii semestr\języki programowania obiektowego\laboratoria\zadania otwarte\cpp\wirtualny_swiat\release\owca.obj
c:\users\lenovo\documents\+++studia+++\informatyka\iii semestr\języki programowania obiektowego\laboratoria\zadania otwarte\cpp\wirtualny_swiat\release\niedzwiedz.obj
c:\users\lenovo\documents\+++studia+++\informatyka\iii semestr\języki programowania obiektowego\laboratoria\zadania otwarte\cpp\wirtualny_swiat\release\leniwiec.obj
c:\users\lenovo\documents\+++studia+++\informatyka\iii semestr\języki programowania obiektowego\laboratoria\zadania otwarte\cpp\wirtualny_swiat\release\dodatki.obj
c:\users\lenovo\documents\+++studia+++\informatyka\iii semestr\języki programowania obiektowego\laboratoria\zadania otwarte\cpp\wirtualny_swiat\release\trawa.obj
c:\users\lenovo\documents\+++studia+++\informatyka\iii semestr\języki programowania obiektowego\laboratoria\zadania otwarte\cpp\wirtualny_swiat\release\mlecz.obj
c:\users\lenovo\documents\+++studia+++\informatyka\iii semestr\języki programowania obiektowego\laboratoria\zadania otwarte\cpp\wirtualny_swiat\release\koka.obj
c:\users\lenovo\documents\+++studia+++\informatyka\iii semestr\języki programowania obiektowego\laboratoria\zadania otwarte\cpp\wirtualny_swiat\release\punkt.obj
c:\users\lenovo\documents\+++studia+++\informatyka\iii semestr\języki programowania obiektowego\laboratoria\zadania otwarte\cpp\wirtualny_swiat\release\wirtualny_swiat.exe
c:\users\lenovo\documents\+++studia+++\informatyka\iii semestr\języki programowania obiektowego\laboratoria\zadania otwarte\cpp\wirtualny_swiat\release\wirtualny_swiat.pdb
c:\users\lenovo\documents\+++studia+++\informatyka\iii semestr\języki programowania obiektowego\laboratoria\zadania otwarte\cpp\wirtualny_swiat\release\wirtualny_swiat.ipdb
c:\users\lenovo\documents\+++studia+++\informatyka\iii semestr\języki programowania obiektowego\laboratoria\zadania otwarte\cpp\wirtualny_swiat\release\wirtualny_swiat.iobj
c:\users\lenovo\documents\+++studia+++\informatyka\iii semestr\języki programowania obiektowego\laboratoria\zadania otwarte\cpp\wirtualny_swiat\release\wirtualny_swiat.tlog\cl.command.1.tlog
c:\users\lenovo\documents\+++studia+++\informatyka\iii semestr\języki programowania obiektowego\laboratoria\zadania otwarte\cpp\wirtualny_swiat\release\wirtualny_swiat.tlog\cl.read.1.tlog
c:\users\lenovo\documents\+++studia+++\informatyka\iii semestr\języki programowania obiektowego\laboratoria\zadania otwarte\cpp\wirtualny_swiat\release\wirtualny_swiat.tlog\cl.write.1.tlog
c:\users\lenovo\documents\+++studia+++\informatyka\iii semestr\języki programowania obiektowego\laboratoria\zadania otwarte\cpp\wirtualny_swiat\release\wirtualny_swiat.tlog\link.command.1.tlog
c:\users\lenovo\documents\+++studia+++\informatyka\iii semestr\języki programowania obiektowego\laboratoria\zadania otwarte\cpp\wirtualny_swiat\release\wirtualny_swiat.tlog\link.read.1.tlog
c:\users\lenovo\documents\+++studia+++\informatyka\iii semestr\języki programowania obiektowego\laboratoria\zadania otwarte\cpp\wirtualny_swiat\release\wirtualny_swiat.tlog\link.write.1.tlog
c:\users\lenovo\documents\+++studia+++\informatyka\iii semestr\języki programowania obiektowego\laboratoria\zadania otwarte\cpp\wirtualny_swiat\release\wirtualny_swiat.tlog\wirtualny_swiat.write.1u.tlog
